0 info it worked if it ends with ok
1 verbose cli [ '/usr/local/bin/node',
1 verbose cli   '/usr/local/bin/npm',
1 verbose cli   'install',
1 verbose cli   'mongodb' ]
2 info using npm@1.3.21
3 info using node@v0.10.24
4 verbose cache add [ 'mongodb', null ]
5 verbose cache add name=undefined spec="mongodb" args=["mongodb",null]
6 verbose parsed url { protocol: null,
6 verbose parsed url   slashes: null,
6 verbose parsed url   auth: null,
6 verbose parsed url   host: null,
6 verbose parsed url   port: null,
6 verbose parsed url   hostname: null,
6 verbose parsed url   hash: null,
6 verbose parsed url   search: null,
6 verbose parsed url   query: null,
6 verbose parsed url   pathname: 'mongodb',
6 verbose parsed url   path: 'mongodb',
6 verbose parsed url   href: 'mongodb' }
7 silly lockFile 7f1c982e-mongodb mongodb
8 verbose lock mongodb /Users/katoTakashi/.npm/7f1c982e-mongodb.lock
9 silly lockFile 7f1c982e-mongodb mongodb
10 verbose addNamed [ 'mongodb', '' ]
11 verbose addNamed [ null, '*' ]
12 silly lockFile 886df635-mongodb mongodb@
13 verbose lock mongodb@ /Users/katoTakashi/.npm/886df635-mongodb.lock
14 silly lockFile 886df635-mongodb mongodb@
15 error Error: EACCES, open '/Users/katoTakashi/.npm/886df635-mongodb.lock'
15 error  { [Error: EACCES, open '/Users/katoTakashi/.npm/886df635-mongodb.lock']
15 error   errno: 3,
15 error   code: 'EACCES',
15 error   path: '/Users/katoTakashi/.npm/886df635-mongodb.lock' }
16 error Please try running this command again as root/Administrator.
17 error System Darwin 12.5.0
18 error command "/usr/local/bin/node" "/usr/local/bin/npm" "install" "mongodb"
19 error cwd /Users/katoTakashi/Documents/00git/study/dot_install/nodeJS
20 error node -v v0.10.24
21 error npm -v 1.3.21
22 error path /Users/katoTakashi/.npm/886df635-mongodb.lock
23 error code EACCES
24 error errno 3
25 error stack Error: EACCES, open '/Users/katoTakashi/.npm/886df635-mongodb.lock'
26 verbose exit [ 3, true ]
