2013-08-10 23:15:54 Error: [MissingControllerException] Controller class PostsController could not be found.
Exception Attributes: array (
  'class' => 'PostsController',
  'plugin' => NULL,
)
Request URL: /test/php/cake_php/blog/posts
Stack Trace:
#0 /Applications/MAMP/htdocs/test/php/cake_php/blog/app/webroot/index.php(111): Dispatcher->dispatch(Object(CakeRequest), Object(CakeResponse))
#1 {main}
2013-08-10 23:17:59 Error: [MissingControllerException] Controller class PostsController could not be found.
Exception Attributes: array (
  'class' => 'PostsController',
  'plugin' => NULL,
)
Request URL: /test/php/cake_php/blog/posts
Stack Trace:
#0 /Applications/MAMP/htdocs/test/php/cake_php/blog/app/webroot/index.php(111): Dispatcher->dispatch(Object(CakeRequest), Object(CakeResponse))
#1 {main}
2013-08-10 23:18:32 Error: [MissingControllerException] Controller class PostsController could not be found.
Exception Attributes: array (
  'class' => 'PostsController',
  'plugin' => NULL,
)
Request URL: /test/php/cake_php/blog/posts
Stack Trace:
#0 /Applications/MAMP/htdocs/test/php/cake_php/blog/app/webroot/index.php(111): Dispatcher->dispatch(Object(CakeRequest), Object(CakeResponse))
#1 {main}
2013-08-10 23:18:46 Error: [MissingControllerException] Controller class PostController could not be found.
Exception Attributes: array (
  'class' => 'PostController',
  'plugin' => NULL,
)
Request URL: /test/php/cake_php/blog/post
Stack Trace:
#0 /Applications/MAMP/htdocs/test/php/cake_php/blog/app/webroot/index.php(111): Dispatcher->dispatch(Object(CakeRequest), Object(CakeResponse))
#1 {main}
2013-08-10 23:18:55 Error: [MissingControllerException] Controller class PostsController could not be found.
Exception Attributes: array (
  'class' => 'PostsController',
  'plugin' => NULL,
)
Request URL: /test/php/cake_php/blog/posts
Stack Trace:
#0 /Applications/MAMP/htdocs/test/php/cake_php/blog/app/webroot/index.php(111): Dispatcher->dispatch(Object(CakeRequest), Object(CakeResponse))
#1 {main}
2013-08-10 23:20:53 Error: [MissingControllerException] Controller class PostsController could not be found.
Exception Attributes: array (
  'class' => 'PostsController',
  'plugin' => NULL,
)
Request URL: /test/php/cake_php/blog/posts
Stack Trace:
#0 /Applications/MAMP/htdocs/test/php/cake_php/blog/app/webroot/index.php(111): Dispatcher->dispatch(Object(CakeRequest), Object(CakeResponse))
#1 {main}
2013-08-10 23:26:33 Error: [MissingControllerException] Controller class PostsController could not be found.
Exception Attributes: array (
  'class' => 'PostsController',
  'plugin' => NULL,
)
Request URL: /test/php/cake_php/blog/posts
Stack Trace:
#0 /Applications/MAMP/htdocs/test/php/cake_php/blog/app/webroot/index.php(111): Dispatcher->dispatch(Object(CakeRequest), Object(CakeResponse))
#1 {main}
2013-08-10 23:32:10 Error: [MissingControllerException] Controller class PostsController could not be found.
Exception Attributes: array (
  'class' => 'PostsController',
  'plugin' => NULL,
)
Request URL: /test/php/cake_php/blog/posts
Stack Trace:
#0 /Applications/MAMP/htdocs/test/php/cake_php/blog/app/webroot/index.php(111): Dispatcher->dispatch(Object(CakeRequest), Object(CakeResponse))
#1 {main}
2013-08-10 23:32:20 Error: [MissingControllerException] Controller class PostsController could not be found.
Exception Attributes: array (
  'class' => 'PostsController',
  'plugin' => NULL,
)
Request URL: /test/php/cake_php/blog/posts
Stack Trace:
#0 /Applications/MAMP/htdocs/test/php/cake_php/blog/app/webroot/index.php(111): Dispatcher->dispatch(Object(CakeRequest), Object(CakeResponse))
#1 {main}
2013-08-10 23:50:35 Error: [MissingControllerException] Controller class PostsController could not be found.
Exception Attributes: array (
  'class' => 'PostsController',
  'plugin' => NULL,
)
Request URL: /test/php/cake_php/blog/posts
Stack Trace:
#0 /Applications/MAMP/htdocs/test/php/cake_php/blog/app/webroot/index.php(111): Dispatcher->dispatch(Object(CakeRequest), Object(CakeResponse))
#1 {main}
